Active-HDL 13.0.375.8320 2025-10-31 23:09:13

Elaboration top modules:
VHDL Configuration            testbench_for_serialtoparallel


---------------------------------------------------------------------------------------------------------
Entity              | Architecture    | Library | Info | Compiler Version          | Compilation Options
---------------------------------------------------------------------------------------------------------
serialtoparallel_tb | TB_ARCHITECTURE | cad3q2  |      | 13.0.375.8320 (Windows64) | -O3
SerialToParallel    | Arch            | cad3q2  |      | 13.0.375.8320 (Windows64) | -O3
---------------------------------------------------------------------------------------------------------

---------------------------------------------------------------------------------------------------------
VHDL Configuration                    | Library | Info | Compiler Version          | Compilation Options
---------------------------------------------------------------------------------------------------------
testbench_for_serialtoparallel        | cad3q2  |      | 13.0.375.8320 (Windows64) | -O3
---------------------------------------------------------------------------------------------------------

---------------------------------------------------------------------------------------------------------
VHDL Package                          | Library | Info | Compiler Version          | Compilation Options
---------------------------------------------------------------------------------------------------------
standard                              | std     |      |                           | <unavailable>
TEXTIO                                | std     |      | 13.0.375.8320 (Windows64) |  -2019
std_logic_1164                        | ieee    |      | 13.0.375.8320 (Windows64) |  -2008
NUMERIC_STD                           | ieee    |      | 13.0.375.8320 (Windows64) |  -2008
---------------------------------------------------------------------------------------------------------

---------------------------------------------------------------------------------------------------------
Library                               | Comment
---------------------------------------------------------------------------------------------------------
cad3q2                                | None
ieee                                  | Standard IEEE packages library
std                                   | Standard VHDL library
---------------------------------------------------------------------------------------------------------
